[DEBUG [14:33:06 14/04/15]] Empieza el juego
[DEBUG [14:33:07 14/04/15]] SDL cargada correctamente
[DEBUG [14:33:07 14/04/15]] Inicializando parser
[DEBUG [14:33:07 14/04/15]] Intenta cargar configuraciones desde pruebas/integracion.json
[DEBUG [14:33:07 14/04/15]] Intentando cargar capa 'resources/background/fondo.png'
[DEBUG [14:33:07 14/04/15]] Intentando cargar capa 'resources/background/p_4b.png'
[DEBUG [14:33:07 14/04/15]] Intentando cargar capa 'resources/background/p_3.png'
[DEBUG [14:33:07 14/04/15]] Intentando cargar capa 'resources/background/ScorpionsLair/p_2.png'
[DEBUG [14:33:07 14/04/15]] Intentando cargar capa 'resources/background/p_1.png'
[WARNING [14:33:07 14/04/15]] No hay JOYSTICK conectado
[DEBUG [14:33:12 14/04/15]] Cerrando el archivo de log.
[DEBUG [14:42:21 14/04/15]] Empieza el juego
[DEBUG [14:42:22 14/04/15]] SDL cargada correctamente
[DEBUG [14:42:22 14/04/15]] Inicializando parser
[DEBUG [14:42:22 14/04/15]] Intenta cargar configuraciones desde pruebas/integracion.json
[DEBUG [14:42:22 14/04/15]] Intentando cargar capa 'resources/background/fondo.png'
[DEBUG [14:42:22 14/04/15]] Intentando cargar capa 'resources/background/p_4b.png'
[DEBUG [14:42:22 14/04/15]] Intentando cargar capa 'resources/background/p_3.png'
[DEBUG [14:42:22 14/04/15]] Intentando cargar capa 'resources/background/ScorpionsLair/p_2.png'
[DEBUG [14:42:22 14/04/15]] Intentando cargar capa 'resources/background/p_1.png'
[WARNING [14:42:22 14/04/15]] No hay JOYSTICK conectado
[DEBUG [14:42:29 14/04/15]] Cerrando el archivo de log.
[DEBUG [15:04:45 14/04/15]] -------------------------------------
[DEBUG [15:04:45 14/04/15]] Empieza el juego
[DEBUG [15:04:46 14/04/15]] SDL cargada correctamente
[DEBUG [15:04:46 14/04/15]] Inicializando parser
[DEBUG [15:04:46 14/04/15]] Intenta cargar configuraciones desde pruebas/integracion.json
[DEBUG [15:04:46 14/04/15]] Intentando cargar capa 'resources/background/fondo.png'
[DEBUG [15:04:46 14/04/15]] Intentando cargar capa 'resources/background/p_4b.png'
[DEBUG [15:04:46 14/04/15]] Intentando cargar capa 'resources/background/p_3.png'
[DEBUG [15:04:46 14/04/15]] Intentando cargar capa 'resources/background/ScorpionsLair/p_2.png'
[DEBUG [15:04:46 14/04/15]] Intentando cargar capa 'resources/background/p_1.png'
[WARNING [15:04:46 14/04/15]] No hay JOYSTICK conectado
[DEBUG [15:05:12 14/04/15]] Tengo que cambiar las configuraciones
[DEBUG [15:05:12 14/04/15]] Inicializando parser
[DEBUG [15:05:12 14/04/15]] Intenta cargar configuraciones desde pruebas/integracion.json
[DEBUG [15:05:12 14/04/15]] Intentando cargar capa 'resources/background/fondo.png'
[DEBUG [15:05:12 14/04/15]] Intentando cargar capa 'resources/background/p_4b.png'
[DEBUG [15:05:12 14/04/15]] Intentando cargar capa 'resources/background/p_3.png'
[DEBUG [15:05:12 14/04/15]] Intentando cargar capa 'resources/background/ScorpionsLair/p_2.png'
[DEBUG [15:05:12 14/04/15]] Intentando cargar capa 'resources/background/p_1.png'
[DEBUG [15:05:13 14/04/15]] Tengo que cambiar las configuraciones
[DEBUG [15:05:13 14/04/15]] Inicializando parser
[DEBUG [15:05:13 14/04/15]] Intenta cargar configuraciones desde pruebas/integracion.json
[DEBUG [15:05:13 14/04/15]] Intentando cargar capa 'resources/background/fondo.png'
[DEBUG [15:05:13 14/04/15]] Intentando cargar capa 'resources/background/p_4b.png'
[DEBUG [15:05:13 14/04/15]] Intentando cargar capa 'resources/background/p_3.png'
[DEBUG [15:05:13 14/04/15]] Intentando cargar capa 'resources/background/ScorpionsLair/p_2.png'
[DEBUG [15:05:13 14/04/15]] Intentando cargar capa 'resources/background/p_1.png'
[DEBUG [15:05:13 14/04/15]] Tengo que cambiar las configuraciones
[DEBUG [15:05:13 14/04/15]] Inicializando parser
[DEBUG [15:05:13 14/04/15]] Intenta cargar configuraciones desde pruebas/integracion.json
[DEBUG [15:05:13 14/04/15]] Intentando cargar capa 'resources/background/fondo.png'
[DEBUG [15:05:13 14/04/15]] Intentando cargar capa 'resources/background/p_4b.png'
[DEBUG [15:05:13 14/04/15]] Intentando cargar capa 'resources/background/p_3.png'
[DEBUG [15:05:13 14/04/15]] Intentando cargar capa 'resources/background/ScorpionsLair/p_2.png'
[DEBUG [15:05:13 14/04/15]] Intentando cargar capa 'resources/background/p_1.png'
[DEBUG [15:05:45 14/04/15]] Tengo que cambiar las configuraciones
[DEBUG [15:05:45 14/04/15]] Inicializando parser
[DEBUG [15:05:45 14/04/15]] Intenta cargar configuraciones desde pruebas/integracion.json
[DEBUG [15:05:45 14/04/15]] Intentando cargar capa 'resources/background/fondo.png'
[DEBUG [15:05:45 14/04/15]] Intentando cargar capa 'resources/background/p_4b.png'
[DEBUG [15:05:45 14/04/15]] Intentando cargar capa 'resources/background/p_3.png'
[DEBUG [15:05:45 14/04/15]] Intentando cargar capa 'resources/background/ScorpionsLair/p_2.png'
[DEBUG [15:05:45 14/04/15]] Intentando cargar capa 'resources/background/p_1.png'
[DEBUG [15:06:11 14/04/15]] Tengo que cambiar las configuraciones
[DEBUG [15:06:11 14/04/15]] Inicializando parser
[DEBUG [15:06:11 14/04/15]] Intenta cargar configuraciones desde pruebas/integracion.json
[ERROR [15:06:11 14/04/15]] Error de sytaxis en el archivo
[ERROR [15:06:11 14/04/15]] * Line 41, Column 7
  Missing '}' or object member name

[DEBUG [15:06:11 14/04/15]] Cargando configuración default
[DEBUG [15:06:11 14/04/15]] Inicializando parser
[DEBUG [15:06:11 14/04/15]] Intenta cargar configuraciones desde resources/default.json
[DEBUG [15:06:11 14/04/15]] Intentando cargar capa 'resources/background/fondo.png'
[DEBUG [15:06:11 14/04/15]] Intentando cargar capa 'resources/background/p_4b.png'
[DEBUG [15:06:11 14/04/15]] Intentando cargar capa 'resources/background/p_3.png'
[DEBUG [15:06:11 14/04/15]] Intentando cargar capa 'resources/background/ScorpionsLair/p_2.png'
[DEBUG [15:06:11 14/04/15]] Intentando cargar capa 'resources/background/p_1.png'
[DEBUG [15:06:17 14/04/15]] Tengo que cambiar las configuraciones
[DEBUG [15:06:17 14/04/15]] Inicializando parser
[DEBUG [15:06:17 14/04/15]] Intenta cargar configuraciones desde pruebas/integracion.json
[DEBUG [15:06:17 14/04/15]] Intentando cargar capa 'resources/background/fondo.png'
[DEBUG [15:06:17 14/04/15]] Intentando cargar capa 'resources/background/p_4b.png'
[DEBUG [15:06:17 14/04/15]] Intentando cargar capa 'resources/background/p_3.png'
[DEBUG [15:06:17 14/04/15]] Intentando cargar capa 'resources/background/ScorpionsLair/p_2.png'
[DEBUG [15:06:17 14/04/15]] Intentando cargar capa 'resources/background/p_1.png'
[DEBUG [15:08:33 14/04/15]] Tengo que cambiar las configuraciones
[DEBUG [15:08:33 14/04/15]] Inicializando parser
[DEBUG [15:08:33 14/04/15]] Intenta cargar configuraciones desde pruebas/integracion.json
[DEBUG [15:08:33 14/04/15]] Intentando cargar capa 'resources/background/fondo.png'
[DEBUG [15:08:33 14/04/15]] Intentando cargar capa 'resources/background/p_4b.png'
[DEBUG [15:08:33 14/04/15]] Intentando cargar capa 'resources/background/p_3.png'
[DEBUG [15:08:33 14/04/15]] Intentando cargar capa 'resources/background/ScorpionsLair/p_2.png'
[DEBUG [15:08:33 14/04/15]] Intentando cargar capa 'resources/background/p_1.png'
[DEBUG [15:08:37 14/04/15]] Tengo que cambiar las configuraciones
[DEBUG [15:08:37 14/04/15]] Inicializando parser
[DEBUG [15:08:37 14/04/15]] Intenta cargar configuraciones desde pruebas/integracion.json
[DEBUG [15:08:37 14/04/15]] Intentando cargar capa 'resources/background/fondo.png'
[DEBUG [15:08:37 14/04/15]] Intentando cargar capa 'resources/background/p_4b.png'
[DEBUG [15:08:37 14/04/15]] Intentando cargar capa 'resources/background/p_3.png'
[DEBUG [15:08:37 14/04/15]] Intentando cargar capa 'resources/background/ScorpionsLair/p_2.png'
[DEBUG [15:08:37 14/04/15]] Intentando cargar capa 'resources/background/p_1.png'
[DEBUG [15:08:37 14/04/15]] Tengo que cambiar las configuraciones
[DEBUG [15:08:37 14/04/15]] Inicializando parser
[DEBUG [15:08:37 14/04/15]] Intenta cargar configuraciones desde pruebas/integracion.json
[DEBUG [15:08:37 14/04/15]] Intentando cargar capa 'resources/background/fondo.png'
[DEBUG [15:08:37 14/04/15]] Intentando cargar capa 'resources/background/p_4b.png'
[DEBUG [15:08:37 14/04/15]] Intentando cargar capa 'resources/background/p_3.png'
[DEBUG [15:08:37 14/04/15]] Intentando cargar capa 'resources/background/ScorpionsLair/p_2.png'
[DEBUG [15:08:37 14/04/15]] Intentando cargar capa 'resources/background/p_1.png'
[DEBUG [15:08:37 14/04/15]] Tengo que cambiar las configuraciones
[DEBUG [15:08:37 14/04/15]] Inicializando parser
[DEBUG [15:08:37 14/04/15]] Intenta cargar configuraciones desde pruebas/integracion.json
[DEBUG [15:08:37 14/04/15]] Intentando cargar capa 'resources/background/fondo.png'
[DEBUG [15:08:37 14/04/15]] Intentando cargar capa 'resources/background/p_4b.png'
[DEBUG [15:08:37 14/04/15]] Intentando cargar capa 'resources/background/p_3.png'
[DEBUG [15:08:37 14/04/15]] Intentando cargar capa 'resources/background/ScorpionsLair/p_2.png'
[DEBUG [15:08:37 14/04/15]] Intentando cargar capa 'resources/background/p_1.png'
[DEBUG [15:08:38 14/04/15]] Tengo que cambiar las configuraciones
[DEBUG [15:08:38 14/04/15]] Inicializando parser
[DEBUG [15:08:38 14/04/15]] Intenta cargar configuraciones desde pruebas/integracion.json
[DEBUG [15:08:38 14/04/15]] Intentando cargar capa 'resources/background/fondo.png'
[DEBUG [15:08:38 14/04/15]] Intentando cargar capa 'resources/background/p_4b.png'
[DEBUG [15:08:38 14/04/15]] Intentando cargar capa 'resources/background/p_3.png'
[DEBUG [15:08:38 14/04/15]] Intentando cargar capa 'resources/background/ScorpionsLair/p_2.png'
[DEBUG [15:08:38 14/04/15]] Intentando cargar capa 'resources/background/p_1.png'
[DEBUG [15:08:51 14/04/15]] Tengo que cambiar las configuraciones
[DEBUG [15:08:51 14/04/15]] Inicializando parser
[DEBUG [15:08:51 14/04/15]] Intenta cargar configuraciones desde pruebas/integracion.json
[DEBUG [15:08:51 14/04/15]] Intentando cargar capa 'resources/background/fondo.png'
[DEBUG [15:08:51 14/04/15]] Intentando cargar capa 'resources/background/p_4b.png'
[DEBUG [15:08:51 14/04/15]] Intentando cargar capa 'resources/background/p_3.png'
[DEBUG [15:08:51 14/04/15]] Intentando cargar capa 'resources/background/ScorpionsLair/p_2.png'
[DEBUG [15:08:51 14/04/15]] Intentando cargar capa 'resources/background/p_1.png'
[DEBUG [15:09:09 14/04/15]] Cerrando el archivo de log.
